2022-09-08 18:38:55,313-[test_login.py-->LINE:30]-20:用例执行通过
2022-09-08 18:38:55,342-[test_login.py-->LINE:30]-20:用例执行通过
2022-09-08 18:38:55,367-[test_login.py-->LINE:30]-20:用例执行通过
2022-09-08 18:38:55,393-[test_login.py-->LINE:30]-20:用例执行通过
2022-09-08 18:38:55,419-[test_login.py-->LINE:26]-20:用例执行不通过
2022-09-08 18:50:07,781-[test_login.py-->LINE:30]-20:用例执行通过
2022-09-08 18:50:07,781-[test_login.py-->LINE:30]-20:用例执行通过
2022-09-08 18:50:07,811-[test_login.py-->LINE:30]-20:用例执行通过
2022-09-08 18:50:07,811-[test_login.py-->LINE:30]-20:用例执行通过
2022-09-08 18:50:07,839-[test_login.py-->LINE:30]-20:用例执行通过
2022-09-08 18:50:07,839-[test_login.py-->LINE:30]-20:用例执行通过
2022-09-08 18:50:07,869-[test_login.py-->LINE:30]-20:用例执行通过
2022-09-08 18:50:07,869-[test_login.py-->LINE:30]-20:用例执行通过
2022-09-08 18:50:07,898-[test_login.py-->LINE:26]-20:用例执行不通过
2022-09-08 18:50:07,898-[test_login.py-->LINE:26]-20:用例执行不通过
2022-09-08 18:50:07,932-[test_register.py-->LINE:31]-20:用例执行通过
2022-09-08 18:50:07,932-[test_register.py-->LINE:31]-20:用例执行通过
2022-09-08 18:50:07,967-[test_register.py-->LINE:31]-20:用例执行通过
2022-09-08 18:50:07,967-[test_register.py-->LINE:31]-20:用例执行通过
2022-09-08 18:50:07,994-[test_register.py-->LINE:31]-20:用例执行通过
2022-09-08 18:50:07,994-[test_register.py-->LINE:31]-20:用例执行通过
2022-09-08 18:50:08,023-[test_register.py-->LINE:31]-20:用例执行通过
2022-09-08 18:50:08,023-[test_register.py-->LINE:31]-20:用例执行通过
2022-09-08 18:50:08,051-[test_register.py-->LINE:31]-20:用例执行通过
2022-09-08 18:50:08,051-[test_register.py-->LINE:31]-20:用例执行通过
2022-09-08 22:09:36,817-[test_login.py-->LINE:28]-20:用例--【登录成功】执行通过
2022-09-08 22:09:36,851-[test_login.py-->LINE:28]-20:用例--【账号为空】执行通过
2022-09-08 22:09:36,882-[test_login.py-->LINE:28]-20:用例--【密码为空】执行通过
2022-09-08 22:09:36,912-[test_login.py-->LINE:28]-20:用例--【密码错误】执行通过
2022-09-08 22:09:36,940-[test_login.py-->LINE:24]-40:用例--【密码错误】执行不通过
2022-09-08 22:09:36,971-[test_register.py-->LINE:36]-20:用例--【参数为空】执行通过
2022-09-08 22:09:37,015-[test_register.py-->LINE:36]-20:用例--【账号已经存在】执行通过
2022-09-08 22:09:37,044-[test_register.py-->LINE:36]-20:用例--【密码不一致】执行通过
2022-09-08 22:09:37,075-[test_register.py-->LINE:36]-20:用例--【注册成功】执行通过
2022-09-08 22:09:37,105-[test_register.py-->LINE:36]-20:用例--【账号超长】执行通过
